SF:lib/src/state.dart
DA:41,3
DA:47,0
DA:49,0
DA:52,0
DA:54,3
DA:55,6
DA:64,3
DA:65,3
DA:66,9
DA:67,9
DA:68,6
DA:69,5
DA:70,2
DA:77,3
DA:78,3
DA:85,2
DA:86,2
DA:87,4
DA:89,4
DA:90,4
DA:91,4
DA:92,2
DA:101,2
DA:102,2
DA:106,3
DA:107,6
DA:111,2
DA:112,4
DA:117,3
DA:118,6
DA:119,3
DA:123,1
DA:124,2
DA:125,1
DA:133,2
DA:134,8
DA:135,4
DA:137,4
DA:138,3
DA:139,1
DA:141,4
DA:142,2
DA:143,2
DA:147,3
DA:150,1
DA:151,3
DA:152,3
DA:153,0
DA:156,2
DA:157,2
DA:161,3
DA:162,3
DA:163,9
DA:166,3
DA:180,20
DA:181,20
DA:185,2
DA:186,4
DA:187,4
DA:191,3
DA:192,1
DA:196,4
DA:199,2
DA:200,1
DA:208,3
DA:209,16
DA:213,2
DA:216,2
DA:217,6
DA:218,10
DA:219,10
DA:220,10
DA:221,8
DA:222,8
DA:223,8
DA:226,3
DA:228,15
DA:229,15
DA:230,12
DA:263,0
DA:265,0
DA:269,2
DA:273,1
DA:274,2
DA:275,1
DA:279,0
DA:280,0
DA:281,0
DA:286,3
DA:289,2
DA:290,4
DA:291,2
DA:292,0
DA:298,1
DA:300,1
DA:305,2
DA:307,3
DA:308,6
DA:309,2
DA:312,4
DA:313,4
DA:314,1
DA:315,2
DA:316,1
DA:319,3
DA:320,1
DA:324,4
DA:325,2
DA:326,3
DA:327,1
DA:342,2
DA:343,2
DA:344,6
DA:346,2
DA:351,1
DA:354,0
DA:355,0
DA:356,0
DA:359,2
DA:360,4
DA:363,0
DA:364,2
DA:365,2
DA:366,3
DA:369,2
DA:383,0
DA:385,0
DA:387,0
DA:389,0
DA:391,0
DA:400,3
DA:401,6
DA:402,9
DA:403,6
DA:404,7
DA:405,1
DA:407,5
DA:408,2
DA:415,2
DA:417,6
DA:422,3
DA:424,6
DA:426,6
DA:429,6
DA:431,2
DA:433,6
DA:441,2
DA:442,8
DA:443,2
DA:455,1
DA:456,3
DA:458,2
DA:461,1
DA:467,1
DA:468,2
DA:472,1
DA:473,3
DA:474,1
DA:479,1
DA:480,3
DA:484,1
DA:485,2
DA:490,2
DA:491,2
DA:492,2
DA:499,2
DA:500,0
DA:501,4
DA:505,2
DA:506,6
DA:507,2
DA:508,2
DA:509,2
DA:512,4
DA:518,2
DA:519,4
DA:520,2
DA:524,0
DA:525,0
DA:526,0
DA:530,8
DA:533,0
DA:534,3
DA:535,3
DA:536,6
DA:539,3
DA:555,0
DA:558,1
DA:559,1
DA:560,2
DA:561,1
DA:562,1
DA:563,2
DA:570,1
DA:572,1
DA:577,0
DA:579,0
DA:584,1
DA:586,2
DA:588,0
DA:591,3
DA:592,3
DA:598,0
DA:599,0
DA:603,1
DA:604,2
DA:615,0
DA:618,1
DA:619,1
DA:620,2
DA:621,1
DA:622,1
DA:623,2
DA:630,1
DA:632,1
DA:637,0
DA:639,0
DA:644,1
DA:646,2
DA:648,4
DA:651,4
DA:652,1
DA:653,3
DA:659,0
DA:660,0
DA:664,1
DA:665,3
LF:227
LH:192
end_of_record
SF:lib/src/behaviour.dart
DA:26,1
DA:28,1
DA:30,2
DA:36,8
DA:37,20
DA:61,0
DA:63,1
DA:68,1
DA:70,2
DA:71,3
DA:72,2
DA:78,1
DA:80,1
DA:81,1
DA:82,4
DA:83,2
DA:89,1
DA:90,2
DA:91,2
DA:97,1
DA:98,6
DA:99,0
DA:105,1
DA:106,4
DA:107,0
DA:147,0
DA:149,1
DA:154,1
DA:156,1
DA:157,1
DA:158,1
DA:164,1
DA:166,1
DA:167,1
DA:168,4
DA:169,2
DA:175,1
DA:176,4
DA:177,1
DA:183,1
DA:184,4
DA:185,1
DA:191,0
DA:192,0
DA:193,0
DA:214,0
DA:216,0
DA:218,0
DA:222,1
DA:223,2
DA:224,1
DA:225,2
DA:227,1
DA:228,2
DA:230,1
DA:231,2
DA:233,1
DA:234,2
DA:241,1
DA:243,2
DA:244,1
DA:250,1
DA:252,2
DA:253,1
DA:259,1
DA:261,2
DA:262,1
DA:275,0
DA:277,0
DA:279,2
DA:280,3
DA:281,1
DA:286,1
DA:288,1
DA:293,0
DA:295,0
DA:300,1
DA:302,1
DA:305,3
DA:308,3
DA:311,1
DA:312,1
DA:318,1
DA:320,1
DA:321,1
DA:322,1
DA:329,1
DA:331,1
DA:332,1
DA:333,1
LF:90
LH:76
end_of_record
SF:lib/src/widgets.dart
DA:14,0
DA:19,0
DA:20,0
DA:22,0
DA:25,0
DA:26,0
DA:29,0
DA:30,0
DA:37,0
DA:41,0
DA:43,0
DA:44,0
DA:52,0
DA:54,0
DA:57,0
DA:59,0
DA:60,0
DA:61,0
DA:62,0
DA:66,0
DA:68,0
DA:69,0
DA:72,0
DA:73,0
DA:74,0
DA:91,0
DA:93,0
DA:94,0
DA:103,0
DA:105,0
DA:107,0
DA:108,0
DA:109,0
DA:110,0
DA:111,0
DA:112,0
DA:113,0
DA:115,0
DA:119,0
DA:121,0
DA:125,0
DA:127,0
DA:130,0
DA:131,0
DA:132,0
DA:133,0
DA:137,0
DA:139,0
DA:140,0
DA:154,0
DA:156,0
DA:157,0
DA:165,0
DA:167,0
DA:169,0
DA:170,0
DA:171,0
DA:172,0
DA:173,0
DA:175,0
DA:178,0
DA:180,0
DA:181,0
DA:185,0
DA:187,0
DA:191,0
DA:193,0
DA:197,0
DA:199,0
DA:202,0
DA:203,0
DA:204,0
DA:205,0
LF:73
LH:0
end_of_record
